
ROM used: 3702 (45%)
          3758 (46%) including unused fragments

          1 Average locations per line
          6 Average locations per statement

RAM used: 143 (39%) at main() level
          155 (42%) worst case

Stack used: 8 worst case (out of 8 total available)

Lines Stmts  %   Files
----- ----- ---  -----
  472   288  47  Main.c
  407     0   0  C:\Program Files\PICC\devices\16F887.h
  249    88  14  lcd.h
 2104   238  39  C:\Program Files\PICC\drivers\math.h
----- -----
 3232   614 Total

Page ROM  %  RAM   Vol Diff  Functions:
---- --- --- ---   --- ----  ----------
0     21   1   1             @delay_ms2
0      8   0   0             @const214
 Inline        2   594  4.3  lcd_init
 Inline        3   620  3.8  lcd_read_byte
0     61   2   2   204  3.2  lcd_read_nibble
0    107   3   3   313  3.4  lcd_send_byte
0     69   2   1   336  1.9  lcd_send_nibble
0     39   1   4   335  5.5  lcd_gotoxy
0     61   2   1   272  4.1  lcd_putc
0     74   2   3   598  5.7  RDA_isr
1   1614  44  22  7258  8.4  MAIN
0     30   1   0             @const266
0     30   1   0             @const267
0     25   1   0             @const268
0     28   1   0             @const269
0     24   1   0             @const270
0     31   1   0             @const271
0     33   1   0             @const272
0     28   1   0             @const273
0     26   1   1    33  0.9  _Delete_SMS
0     18   0   0             @const275
0     33   1   3   277  3.7  _Reset_SMS
0    154   4   2   455  3.7  _Response
0     28   1   0             @const277
0     25   1   0             @const280
0    126   3   2   298  3.1  _Send_SMS
0     40   1   0             @const282
0     10   0   0             @const284
0     19   1   2   102  3.2  _Delay
0    132   4   1   375  1.8  _Waiting_SIM
0     15   0   0             @const286
0     16   0   0             @const287
0     17   0   0             @const288
0     18   0   0             @const289
1     96   3   2   553  4.8  _Turn_Off
0     88   2   2   553  4.8  _Turn_On
0     96   3   0   108  1.3  _Startup
0     62   2   1   140  1.2  _Configuration_Sim
0      9   0   0             @const293
0    130   4   0   497  2.3  _Display
0     15   0   0    32  1.0  _Blank
0     15   0   1   102  3.3  _Status_1
0     15   0   1   102  3.3  _Status_2
0     15   0   1   102  3.3  _Status_3
0     15   0   1   102  3.3  _Status_4
0     66   2   3   302  3.7  _Turn_Off_All
0     67   2   3   302  3.7  _Turn_On_All

Program metrics:
    Functions               27
    Statements              614
    Comments                499
    Volume (V)              23756
    Difficilty (D)          94.4
    Effort to implement (E) 2242256
    Time to implement (T)   34 hours, 36 minutes
    Est Delivered Bugs (B)  6
    Cyclomatic Complexity   49
    Maintainability (MI)    103

 Segment     Used  Free
-----------  ----  ----
00000-00003     4  0  
00004-00034    49  0  
00035-007FF  1939  56  
00800-00FFF  1710  338  
01000-017FF     0  2048  
01800-01FFF     0  2048  



